[Licensing::Module] Trying to connect to existing licensing client channel...
Built from '6000.2/staging' branch; Version is '6000.2.9f1 (e0c4e791ab71) revision 14730471'; Using compiler version '194234433'; Build Type 'Release'
OS: 'Windows 11  (10.0.26200) 64bit Core' Language: 'en' Physical Memory: 30420 MB
BatchMode: 1, IsHumanControllingUs: 0, StartBugReporterOnCrash: 0, Is64bit: 1
[Licensing::IpcConnector] Successfully connected to: "LicenseClient-haans" at "2025-11-29T21:43:05.5834683Z"
Date: 2025-11-29T21:43:05Z

COMMAND LINE ARGUMENTS:
C:\Program Files\Unity\Hub\Editor\6000.2.9f1\Editor\Unity.exe
-adb2
-batchMode
-noUpm
-name
AssetImportWorker1
-projectPath
C:/DragonArmy
-logFile
Logs/AssetImportWorker1.log
-srvPort
50299
-job-worker-count
15
-background-job-worker-count
8
-gc-helper-count
1
-name
AssetImport
Successfully changed project path to: C:/DragonArmy
C:/DragonArmy
[UnityMemory] Configuration Parameters - Can be set up in boot.config
    "memorysetup-allocator-temp-initial-block-size-main=262144"
    "memorysetup-allocator-temp-initial-block-size-worker=262144"
    "memorysetup-bucket-allocator-granularity=16"
    "memorysetup-bucket-allocator-bucket-count=8"
    "memorysetup-bucket-allocator-block-size=33554432"
    "memorysetup-bucket-allocator-block-count=8"
    "memorysetup-main-allocator-block-size=16777216"
    "memorysetup-thread-allocator-block-size=16777216"
    "memorysetup-gfx-main-allocator-block-size=16777216"
    "memorysetup-gfx-thread-allocator-block-size=16777216"
    "memorysetup-cache-allocator-block-size=4194304"
    "memorysetup-typetree-allocator-block-size=2097152"
    "memorysetup-profiler-bucket-allocator-granularity=16"
    "memorysetup-profiler-bucket-allocator-bucket-count=8"
    "memorysetup-profiler-bucket-allocator-block-size=33554432"
    "memorysetup-profiler-bucket-allocator-block-count=8"
    "memorysetup-profiler-allocator-block-size=16777216"
    "memorysetup-profiler-editor-allocator-block-size=1048576"
    "memorysetup-temp-allocator-size-main=16777216"
    "memorysetup-job-temp-allocator-block-size=2097152"
    "memorysetup-job-temp-allocator-block-size-background=1048576"
    "memorysetup-job-temp-allocator-reduction-small-platforms=262144"
    "memorysetup-temp-allocator-size-background-worker=32768"
    "memorysetup-temp-allocator-size-job-worker=262144"
    "memorysetup-temp-allocator-size-preload-manager=33554432"
    "memorysetup-temp-allocator-size-nav-mesh-worker=65536"
    "memorysetup-temp-allocator-size-audio-worker=65536"
    "memorysetup-temp-allocator-size-cloud-worker=32768"
    "memorysetup-temp-allocator-size-gi-baking-worker=262144"
    "memorysetup-temp-allocator-size-gi-baking-worker=262144"
    "memorysetup-temp-allocator-size-gi-baking-worker=262144"
    "memorysetup-temp-allocator-size-gi-baking-worker=262144"
    "memorysetup-temp-allocator-size-gi-baking-worker=262144"
    "memorysetup-temp-allocator-size-gfx=262144"
Player connection [71452]  Target information:

Player connection [71452]  * "[IP] 192.168.4.53 [Port] 0 [Flags] 2 [Guid] 4026816275 [EditorId] 4026816275 [Version] 1048832 [Id] WindowsEditor(7,Sam2) [Debug] 1 [PackageName] WindowsEditor [ProjectName] Editor" 

Player connection [71452] Host joined multi-casting on [225.0.0.222:54997]...
Player connection [71452] Host joined alternative multi-casting on [225.0.0.222:34997]...
JobSystem: Creating JobQueue using job-worker-count value 15
Input System module state changed to: Initialized.
[Physics::Module] Initialized fallback backend.
[Physics::Module] Id: 0xdecafbad
[Licensing::Client] Code 10 while verifying Licensing Client signature (process Id: 12904, path: "C:/Program Files/Unity Hub/UnityLicensingClient_V1/Unity.Licensing.Client.exe")
[Licensing::Module] LicensingClient has failed validation; ignoring
[Licensing::Client] Handshaking with LicensingClient:
  Version:                 1.17.3+a4e98f1
  Session Id:              fd05bf3f0a24406c91115d64eaa52816
  Correlation Id:          25725a65bcdfc20e774c244a8768d0cc
  External correlation Id: 8113204915676594478
  Machine Id:              k5BrK8WAiyATjP7kFPs29ToZAHM=
[Licensing::Module] Successfully connected to LicensingClient on channel: "LicenseClient-haans" (connect: 0.00s, validation: 0.00s, handshake: 0.02s)
[Licensing::IpcConnector] Successfully connected to: "LicenseClient-haans-notifications" at "2025-11-29T21:43:05.6068131Z"
[Licensing::Module] Licensing Background thread has ended after 0.02s
Library Redirect Path: Library/
[Physics::Module] Selected backend.
[Physics::Module] Name: PhysX
[Physics::Module] Id: 0xf2b8ea05
[Physics::Module] SDK Version: 4.1.2
[Physics::Module] Integration Version: 1.0.0
[Physics::Module] Threading Mode: Multi-Threaded
Refreshing native plugins compatible for Editor in 2.20 ms, found 3 plugins.
Preloading 0 native plugins for Editor in 0.00 ms.
Initialize engine version: 6000.2.9f1 (e0c4e791ab71)
[Subsystems] Discovering subsystems at path C:/Program Files/Unity/Hub/Editor/6000.2.9f1/Editor/Data/Resources/UnitySubsystems
[Subsystems] Discovering subsystems at path C:/DragonArmy/Assets
GfxDevice: creating device client; kGfxThreadingModeNonThreaded
Direct3D:
    Version:  Direct3D 11.0 [level 11.1]
    Renderer: NVIDIA GeForce RTX 4070 Laptop GPU (ID=0x2820)
    Vendor:   NVIDIA
    VRAM:     7948 MB
    Driver:   32.0.15.8180
Initialize mono
Mono path[0] = 'C:/Program Files/Unity/Hub/Editor/6000.2.9f1/Editor/Data/Managed'
Mono path[1] = 'C:/Program Files/Unity/Hub/Editor/6000.2.9f1/Editor/Data/MonoBleedingEdge/lib/mono/unityjit-win32'
Mono config path = 'C:/Program Files/Unity/Hub/Editor/6000.2.9f1/Editor/Data/MonoBleedingEdge/etc'
Using monoOptions --debugger-agent=transport=dt_socket,embedding=1,server=y,suspend=n,address=127.0.0.1:56984
Begin MonoManager ReloadAssembly
Registering precompiled unity dll's ...
Register platform support module: C:/Program Files/Unity/Hub/Editor/6000.2.9f1/Editor/Data/PlaybackEngines/WindowsStandaloneSupport/UnityEditor.WindowsStandalone.Extensions.dll
Registered in 0.000996 seconds.
- Loaded All Assemblies, in  0.247 seconds
Native extension for WindowsStandalone target not found
Mono: successfully reloaded assembly
- Finished resetting the current domain, in  0.222 seconds
Domain Reload Profiling: 469ms
	BeginReloadAssembly (84ms)
		ExecutionOrderSort (0ms)
		DisableScriptedObjects (0ms)
		BackupInstance (0ms)
		ReleaseScriptingObjects (0ms)
		CreateAndSetChildDomain (1ms)
	RebuildCommonClasses (23ms)
	RebuildNativeTypeToScriptingClass (7ms)
	initialDomainReloadingComplete (30ms)
	LoadAllAssembliesAndSetupDomain (102ms)
		LoadAssemblies (82ms)
		RebuildTransferFunctionScriptingTraits (0ms)
		AnalyzeDomain (100ms)
			TypeCache.Refresh (99ms)
				TypeCache.ScanAssembly (89ms)
			BuildScriptInfoCaches (0ms)
			ResolveRequiredComponents (0ms)
	FinalizeReload (223ms)
		ReleaseScriptCaches (0ms)
		RebuildScriptCaches (0ms)
		SetupLoadedEditorAssemblies (194ms)
			LogAssemblyErrors (0ms)
			InitializePlatformSupportModulesInManaged (32ms)
			SetLoadedEditorAssemblies (2ms)
			BeforeProcessingInitializeOnLoad (42ms)
			ProcessInitializeOnLoadAttributes (83ms)
			ProcessInitializeOnLoadMethodAttributes (34ms)
			AfterProcessingInitializeOnLoad (0ms)
			EditorAssembliesLoaded (0ms)
		ExecutionOrderSort2 (0ms)
		AwakeInstancesAfterBackupRestoration (0ms)
========================================================================
Worker process is ready to serve import requests
Import Worker Mode flag is 0x00
Begin MonoManager ReloadAssembly
[Licensing::Client] Successfully resolved entitlement details
[Licensing::Module] License group:
  Id: 2475804084321-UnityPersXXXX
  Product: Unity Personal
  Type: Assigned
  Expiration: Unlimited
- Loaded All Assemblies, in  0.497 seconds
Refreshing native plugins compatible for Editor in 0.70 ms, found 3 plugins.
Native extension for WindowsStandalone target not found
Package Manager log level set to [2]
[Package Manager] Failed to launch server process. Reason: Unity was launched with the -noUpm command-line argument
[Package Manager] Unable to send message (not connected to server process).
[Package Manager] Cannot connect to Unity Package Manager local server
Mono: successfully reloaded assembly
- Finished resetting the current domain, in  0.484 seconds
Domain Reload Profiling: 979ms
	BeginReloadAssembly (114ms)
		ExecutionOrderSort (0ms)
		DisableScriptedObjects (4ms)
		BackupInstance (0ms)
		ReleaseScriptingObjects (0ms)
		CreateAndSetChildDomain (19ms)
	RebuildCommonClasses (25ms)
	RebuildNativeTypeToScriptingClass (7ms)
	initialDomainReloadingComplete (24ms)
	LoadAllAssembliesAndSetupDomain (325ms)
		LoadAssemblies (223ms)
		RebuildTransferFunctionScriptingTraits (0ms)
		AnalyzeDomain (164ms)
			TypeCache.Refresh (122ms)
				TypeCache.ScanAssembly (110ms)
			BuildScriptInfoCaches (32ms)
			ResolveRequiredComponents (7ms)
	FinalizeReload (484ms)
		ReleaseScriptCaches (0ms)
		RebuildScriptCaches (0ms)
		SetupLoadedEditorAssemblies (357ms)
			LogAssemblyErrors (0ms)
			InitializePlatformSupportModulesInManaged (1ms)
			SetLoadedEditorAssemblies (3ms)
			BeforeProcessingInitializeOnLoad (75ms)
			ProcessInitializeOnLoadAttributes (244ms)
			ProcessInitializeOnLoadMethodAttributes (30ms)
			AfterProcessingInitializeOnLoad (2ms)
			EditorAssembliesLoaded (0ms)
		ExecutionOrderSort2 (0ms)
		AwakeInstancesAfterBackupRestoration (4ms)
Launched and connected shader compiler UnityShaderCompiler.exe after 0.01 seconds
Refreshing native plugins compatible for Editor in 0.53 ms, found 3 plugins.
Preloading 0 native plugins for Editor in 0.00 ms.
Unloading 13 Unused Serialized files (Serialized files now loaded: 0)
Unloading 6151 unused Assets / (4.0 MB). Loaded Objects now: 6870.
Memory consumption went from 150.3 MB to 146.3 MB.
Total: 4.926500 ms (FindLiveObjects: 0.652500 ms CreateObjectMapping: 0.185300 ms MarkObjects: 2.775500 ms  DeleteObjects: 1.312400 ms)

========================================================================
Received Import Request.
  Time since last request: 54348.788793 seconds.
  path: Assets/Tower/Prefab/Tower Mage.prefab
  artifactKey: Guid(77a599bd67f72e24999e1d5d60f433d0) Importer(815301076,1909f56bfc062723c751e8b465ee728b)
Start importing Assets/Tower/Prefab/Tower Mage.prefab using Guid(77a599bd67f72e24999e1d5d60f433d0) Importer(815301076,1909f56bfc062723c751e8b465ee728b) (PreviewImporter) -> (artifact id: 'c95e959246b5e0823d307294266e03d4') in 0.3477334 seconds
Number of updated asset objects reloaded before import = 0Number of asset objects unloaded after import = 38

========================================================================
Received Import Request.
  Time since last request: 415.915393 seconds.
  path: Assets/Unity Store DL/StylizedGuns - WW2 US/Source/Magazine Version/M1918BarMAGAZINE.fbx
  artifactKey: Guid(73887ab1a812d4a7fb1f5a2f9b4443d8) Importer(815301076,1909f56bfc062723c751e8b465ee728b)
Start importing Assets/Unity Store DL/StylizedGuns - WW2 US/Source/Magazine Version/M1918BarMAGAZINE.fbx using Guid(73887ab1a812d4a7fb1f5a2f9b4443d8) Importer(815301076,1909f56bfc062723c751e8b465ee728b) (PreviewImporter) -> (artifact id: '40e68c5fb202a2b915c5456fe4f464b1') in 1.7072696 seconds
Number of updated asset objects reloaded before import = 0Number of asset objects unloaded after import = 8

========================================================================
Received Import Request.
  Time since last request: 0.000039 seconds.
  path: Assets/Unity Store DL/FreeDragons/Materials/DragonSoulEaterPBR/PurplePBR.mat
  artifactKey: Guid(0526c5be35ba93547acf614ed1950a2f) Importer(815301076,1909f56bfc062723c751e8b465ee728b)
Start importing Assets/Unity Store DL/FreeDragons/Materials/DragonSoulEaterPBR/PurplePBR.mat using Guid(0526c5be35ba93547acf614ed1950a2f) Importer(815301076,1909f56bfc062723c751e8b465ee728b) (PreviewImporter) -> (artifact id: '21a1206b35ebf7c7550252b737bc9e11') in 0.0365978 seconds
Number of updated asset objects reloaded before import = 0Number of asset objects unloaded after import = 6

========================================================================
Received Import Request.
  Time since last request: 0.000033 seconds.
  path: Assets/Unity Store DL/MobileWaterShader_EKV/Materials/SkyClouds_EKV.mat
  artifactKey: Guid(e30fbdc0c0af6bf4ba70ca4eb6564758) Importer(815301076,1909f56bfc062723c751e8b465ee728b)
Start importing Assets/Unity Store DL/MobileWaterShader_EKV/Materials/SkyClouds_EKV.mat using Guid(e30fbdc0c0af6bf4ba70ca4eb6564758) Importer(815301076,1909f56bfc062723c751e8b465ee728b) (PreviewImporter) -> (artifact id: '95a18889dcb2c673671f8104d6005459') in 0.015894 seconds
Number of updated asset objects reloaded before import = 0Number of asset objects unloaded after import = 2

========================================================================
Received Import Request.
  Time since last request: 0.000025 seconds.
  path: Assets/Unity Store DL/MobileWaterShader_EKV/Materials/Torch.mat
  artifactKey: Guid(6bf2719cdfa4be3428c1a99145ae97a7) Importer(815301076,1909f56bfc062723c751e8b465ee728b)
Start importing Assets/Unity Store DL/MobileWaterShader_EKV/Materials/Torch.mat using Guid(6bf2719cdfa4be3428c1a99145ae97a7) Importer(815301076,1909f56bfc062723c751e8b465ee728b) (PreviewImporter) -> (artifact id: '89de3b9eaf80897e00343c1f64733bae') in 0.0076337 seconds
Number of updated asset objects reloaded before import = 0Number of asset objects unloaded after import = 2

========================================================================
Received Import Request.
  Time since last request: 0.000022 seconds.
  path: Assets/Unity Store DL/Kevin Iglesias/Characters/Humanoid Giant/Materials/Giant01/Giant01_Texture01/URP/URP - Giant01_Texture01.mat
  artifactKey: Guid(4b4520f8acdca9747970254c78c0606b) Importer(815301076,1909f56bfc062723c751e8b465ee728b)
Start importing Assets/Unity Store DL/Kevin Iglesias/Characters/Humanoid Giant/Materials/Giant01/Giant01_Texture01/URP/URP - Giant01_Texture01.mat using Guid(4b4520f8acdca9747970254c78c0606b) Importer(815301076,1909f56bfc062723c751e8b465ee728b) (PreviewImporter) -> (artifact id: 'd262a5c4085c01d35d04b354fdffe923') in 0.0286856 seconds
Number of updated asset objects reloaded before import = 0Number of asset objects unloaded after import = 5

========================================================================
Received Import Request.
  Time since last request: 0.000029 seconds.
  path: Assets/Unity Store DL/MobileWaterShader_EKV/Materials/MobileWaterShader_EKV_water_only.mat
  artifactKey: Guid(834c22daab0b61e4c91e6408fc56adf8) Importer(815301076,1909f56bfc062723c751e8b465ee728b)
Start importing Assets/Unity Store DL/MobileWaterShader_EKV/Materials/MobileWaterShader_EKV_water_only.mat using Guid(834c22daab0b61e4c91e6408fc56adf8) Importer(815301076,1909f56bfc062723c751e8b465ee728b) (PreviewImporter) -> (artifact id: '66f3240d83c3016ed630c7243fd998f5') in 0.0138635 seconds
Number of updated asset objects reloaded before import = 0Number of asset objects unloaded after import = 5

========================================================================
Received Import Request.
  Time since last request: 0.000027 seconds.
  path: Assets/Unity Store DL/Kevin Iglesias/Characters/Humanoid Giant/Demo Scene/Materials/URP/URP - ThrowingRock_Flat.mat
  artifactKey: Guid(776bc506c713b7f4096c1ecce72970de) Importer(815301076,1909f56bfc062723c751e8b465ee728b)
Start importing Assets/Unity Store DL/Kevin Iglesias/Characters/Humanoid Giant/Demo Scene/Materials/URP/URP - ThrowingRock_Flat.mat using Guid(776bc506c713b7f4096c1ecce72970de) Importer(815301076,1909f56bfc062723c751e8b465ee728b) (PreviewImporter) -> (artifact id: '60932f53174d1865387e551aabac458f') in 0.0171786 seconds
Number of updated asset objects reloaded before import = 0Number of asset objects unloaded after import = 2

========================================================================
Received Import Request.
  Time since last request: 0.000042 seconds.
  path: Assets/Materials/Lava.mat
  artifactKey: Guid(9a401b2aab1c51b4c8836088997334d4) Importer(815301076,1909f56bfc062723c751e8b465ee728b)
Start importing Assets/Materials/Lava.mat using Guid(9a401b2aab1c51b4c8836088997334d4) Importer(815301076,1909f56bfc062723c751e8b465ee728b) (PreviewImporter) -> (artifact id: 'a1d4b5c92b255412900c143c4f24dcd3') in 1.6565456 seconds
Number of updated asset objects reloaded before import = 0Number of asset objects unloaded after import = 1

========================================================================
Received Import Request.
  Time since last request: 0.000029 seconds.
  path: Assets/Unity Store DL/MobileWaterShader_EKV/Materials/MobileWaterShader_EKV.mat
  artifactKey: Guid(31fffcbad51e7e24ca2f652924994bb1) Importer(815301076,1909f56bfc062723c751e8b465ee728b)
Start importing Assets/Unity Store DL/MobileWaterShader_EKV/Materials/MobileWaterShader_EKV.mat using Guid(31fffcbad51e7e24ca2f652924994bb1) Importer(815301076,1909f56bfc062723c751e8b465ee728b) (PreviewImporter) -> (artifact id: 'fd38c45b22df78c332c6d5b93f0e1e5b') in 0.0148648 seconds
Number of updated asset objects reloaded before import = 0Number of asset objects unloaded after import = 6

========================================================================
Received Import Request.
  Time since last request: 0.000032 seconds.
  path: Assets/Materials/Red.mat
  artifactKey: Guid(0818e7d217eda274ab618f18e2a79379) Importer(815301076,1909f56bfc062723c751e8b465ee728b)
Start importing Assets/Materials/Red.mat using Guid(0818e7d217eda274ab618f18e2a79379) Importer(815301076,1909f56bfc062723c751e8b465ee728b) (PreviewImporter) -> (artifact id: '29b7ac7a83af97fbeac4530bfe44f67c') in 0.0193156 seconds
Number of updated asset objects reloaded before import = 0Number of asset objects unloaded after import = 1

========================================================================
Received Import Request.
  Time since last request: 0.000027 seconds.
  path: Assets/Unity Store DL/Kevin Iglesias/Characters/Humanoid Giant/Demo Scene/Materials/ThrowingRock_Flat.mat
  artifactKey: Guid(0e87d8c57156a8649b8e3337d730df70) Importer(815301076,1909f56bfc062723c751e8b465ee728b)
Start importing Assets/Unity Store DL/Kevin Iglesias/Characters/Humanoid Giant/Demo Scene/Materials/ThrowingRock_Flat.mat using Guid(0e87d8c57156a8649b8e3337d730df70) Importer(815301076,1909f56bfc062723c751e8b465ee728b) (PreviewImporter) -> (artifact id: 'd75e9a687b62bec9c30ed8d1d939b33a') in 0.0081927 seconds
Number of updated asset objects reloaded before import = 0Number of asset objects unloaded after import = 1

========================================================================
Received Import Request.
  Time since last request: 0.000034 seconds.
  path: Assets/Unity Store DL/Kevin Iglesias/Characters/Humanoid Giant/Demo Scene/Materials/URP/URP - FloorMaterial.mat
  artifactKey: Guid(7d8a40d4c6f082e4abc02958d25ee320) Importer(815301076,1909f56bfc062723c751e8b465ee728b)
Start importing Assets/Unity Store DL/Kevin Iglesias/Characters/Humanoid Giant/Demo Scene/Materials/URP/URP - FloorMaterial.mat using Guid(7d8a40d4c6f082e4abc02958d25ee320) Importer(815301076,1909f56bfc062723c751e8b465ee728b) (PreviewImporter) -> (artifact id: '0f81506ba3bf9a55b336ebcde6a0b429') in 0.0273054 seconds
Number of updated asset objects reloaded before import = 0Number of asset objects unloaded after import = 5

========================================================================
Received Import Request.
  Time since last request: 0.000028 seconds.
  path: Assets/Unity Store DL/MobileWaterShader_EKV/Materials/Skybox_EKV.mat
  artifactKey: Guid(460d0cd6590231c4085ac1318ac06722) Importer(815301076,1909f56bfc062723c751e8b465ee728b)
Start importing Assets/Unity Store DL/MobileWaterShader_EKV/Materials/Skybox_EKV.mat using Guid(460d0cd6590231c4085ac1318ac06722) Importer(815301076,1909f56bfc062723c751e8b465ee728b) (PreviewImporter) -> (artifact id: 'ac79e9a3366dd6a028644d4fd71f87d7') in 0.0455276 seconds
Number of updated asset objects reloaded before import = 0Number of asset objects unloaded after import = 1

========================================================================
Received Import Request.
  Time since last request: 0.000042 seconds.
  path: Assets/TextMesh Pro/Resources/Fonts & Materials/LiberationSans SDF - Outline.mat
  artifactKey: Guid(79459efec17a4d00a321bdcc27bbc385) Importer(815301076,1909f56bfc062723c751e8b465ee728b)
Start importing Assets/TextMesh Pro/Resources/Fonts & Materials/LiberationSans SDF - Outline.mat using Guid(79459efec17a4d00a321bdcc27bbc385) Importer(815301076,1909f56bfc062723c751e8b465ee728b) (PreviewImporter) -> (artifact id: '69b0fe27d4b9694a2eafa4bf6a846ee9') in 0.053118 seconds
Number of updated asset objects reloaded before import = 0Number of asset objects unloaded after import = 2

========================================================================
Received Import Request.
  Time since last request: 0.000042 seconds.
  path: Assets/Unity Store DL/FreeDragons/Materials/DragonSoulEaterHP/GreenHP.mat
  artifactKey: Guid(378b1863f9b87ec46a0086912f6e8fc4) Importer(815301076,1909f56bfc062723c751e8b465ee728b)
Start importing Assets/Unity Store DL/FreeDragons/Materials/DragonSoulEaterHP/GreenHP.mat using Guid(378b1863f9b87ec46a0086912f6e8fc4) Importer(815301076,1909f56bfc062723c751e8b465ee728b) (PreviewImporter) -> (artifact id: 'ffbed3f460cc4beb831910286ed4bbb1') in 0.0140349 seconds
Number of updated asset objects reloaded before import = 0Number of asset objects unloaded after import = 2

========================================================================
Received Import Request.
  Time since last request: 0.000043 seconds.
  path: Assets/Unity Store DL/FreeDragons/Materials/Skybox_Mat.mat
  artifactKey: Guid(03fa2b9871fd84540a5f7f3697104c30) Importer(815301076,1909f56bfc062723c751e8b465ee728b)
Start importing Assets/Unity Store DL/FreeDragons/Materials/Skybox_Mat.mat using Guid(03fa2b9871fd84540a5f7f3697104c30) Importer(815301076,1909f56bfc062723c751e8b465ee728b) (PreviewImporter) -> (artifact id: '0820bcf5c198e5d5e2232b4c621c87fc') in 0.0217143 seconds
Number of updated asset objects reloaded before import = 0Number of asset objects unloaded after import = 1

========================================================================
Received Import Request.
  Time since last request: 0.000025 seconds.
  path: Assets/Unity Store DL/StylizedGuns - WW2 US/Source/Main/ThompsonM1A1.fbx
  artifactKey: Guid(8c3cb94a2e6ff4f4ba10e79c892205d2) Importer(815301076,1909f56bfc062723c751e8b465ee728b)
Start importing Assets/Unity Store DL/StylizedGuns - WW2 US/Source/Main/ThompsonM1A1.fbx using Guid(8c3cb94a2e6ff4f4ba10e79c892205d2) Importer(815301076,1909f56bfc062723c751e8b465ee728b) (PreviewImporter) -> (artifact id: '143a0cd809663f07927715a11b198413') in 0.0328016 seconds
Number of updated asset objects reloaded before import = 0Number of asset objects unloaded after import = 8

========================================================================
Received Import Request.
  Time since last request: 0.000039 seconds.
  path: Assets/Unity Store DL/FreeDragons/Materials/DragonBoarPBR/BluePBR.mat
  artifactKey: Guid(47ea938179c096840b80ea73fa8d50e7) Importer(815301076,1909f56bfc062723c751e8b465ee728b)
Start importing Assets/Unity Store DL/FreeDragons/Materials/DragonBoarPBR/BluePBR.mat using Guid(47ea938179c096840b80ea73fa8d50e7) Importer(815301076,1909f56bfc062723c751e8b465ee728b) (PreviewImporter) -> (artifact id: 'e28a3dd741fbdbe821ceaa4b878fab85') in 0.0975328 seconds
Number of updated asset objects reloaded before import = 0Number of asset objects unloaded after import = 7

========================================================================
Received Import Request.
  Time since last request: 0.000035 seconds.
  path: Assets/Unity Store DL/StylizedGuns - WW2 US/Source/Magazine Version/ThompsonM1A1-WithoutMag.fbx
  artifactKey: Guid(6c7c53c7f7c4243988c0c22154e73c49) Importer(815301076,1909f56bfc062723c751e8b465ee728b)
Start importing Assets/Unity Store DL/StylizedGuns - WW2 US/Source/Magazine Version/ThompsonM1A1-WithoutMag.fbx using Guid(6c7c53c7f7c4243988c0c22154e73c49) Importer(815301076,1909f56bfc062723c751e8b465ee728b) (PreviewImporter) -> (artifact id: '68def5726514fb8abf2a7f4ed6bf9c87') in 0.0349413 seconds
Number of updated asset objects reloaded before import = 0Number of asset objects unloaded after import = 8

========================================================================
Received Import Request.
  Time since last request: 0.000045 seconds.
  path: Assets/Unity Store DL/StylizedGuns - WW2 US/Materials/Woodenbox.mat
  artifactKey: Guid(aad212667e720456ead852d0114579ec) Importer(815301076,1909f56bfc062723c751e8b465ee728b)
Start importing Assets/Unity Store DL/StylizedGuns - WW2 US/Materials/Woodenbox.mat using Guid(aad212667e720456ead852d0114579ec) Importer(815301076,1909f56bfc062723c751e8b465ee728b) (PreviewImporter) -> (artifact id: '56f28487781b2b106688bf35bf01b5a1') in 0.0272427 seconds
Number of updated asset objects reloaded before import = 0Number of asset objects unloaded after import = 5

========================================================================
Received Import Request.
  Time since last request: 0.000100 seconds.
  path: Assets/Unity Store DL/FreeDragons/Materials/Stage.mat
  artifactKey: Guid(34466cf7960487a4380913c62e795ebd) Importer(815301076,1909f56bfc062723c751e8b465ee728b)
Start importing Assets/Unity Store DL/FreeDragons/Materials/Stage.mat using Guid(34466cf7960487a4380913c62e795ebd) Importer(815301076,1909f56bfc062723c751e8b465ee728b) (PreviewImporter) -> (artifact id: 'f31e0cf1b9d34aa5abee4d5b87d0f124') in 0.0076986 seconds
Number of updated asset objects reloaded before import = 0Number of asset objects unloaded after import = 1

========================================================================
Received Import Request.
  Time since last request: 0.000027 seconds.
  path: Assets/Unity Store DL/Kevin Iglesias/Characters/Humanoid Giant/Demo Scene/Materials/GiantDummy.mat
  artifactKey: Guid(60ca3714524d9424fae7e13aa015340a) Importer(815301076,1909f56bfc062723c751e8b465ee728b)
Start importing Assets/Unity Store DL/Kevin Iglesias/Characters/Humanoid Giant/Demo Scene/Materials/GiantDummy.mat using Guid(60ca3714524d9424fae7e13aa015340a) Importer(815301076,1909f56bfc062723c751e8b465ee728b) (PreviewImporter) -> (artifact id: '12f45a0246ab91a4ddf47503fcec45b1') in 0.0353651 seconds
Number of updated asset objects reloaded before import = 0Number of asset objects unloaded after import = 2

========================================================================
Received Import Request.
  Time since last request: 0.000030 seconds.
  path: Assets/Unity Store DL/Kevin Iglesias/Characters/Humanoid Giant/Materials/Giant01_Flat/URP/URP - Giant01_Texture01_Flat.mat
  artifactKey: Guid(d550279ca7465e343bfa9c9c4bb4be6c) Importer(815301076,1909f56bfc062723c751e8b465ee728b)
Start importing Assets/Unity Store DL/Kevin Iglesias/Characters/Humanoid Giant/Materials/Giant01_Flat/URP/URP - Giant01_Texture01_Flat.mat using Guid(d550279ca7465e343bfa9c9c4bb4be6c) Importer(815301076,1909f56bfc062723c751e8b465ee728b) (PreviewImporter) -> (artifact id: 'e066bd800a7bbcc0519cad37bc00bb84') in 0.0184485 seconds
Number of updated asset objects reloaded before import = 0Number of asset objects unloaded after import = 2

========================================================================
Received Import Request.
  Time since last request: 0.000052 seconds.
  path: Assets/Unity Store DL/Kevin Iglesias/Characters/Humanoid Giant/Materials/Giant01/Giant01_Texture01/Giant01_Texture01 Recolor04.mat
  artifactKey: Guid(f5f43ab3b8f921f45a13aa940c7b5549) Importer(815301076,1909f56bfc062723c751e8b465ee728b)
Start importing Assets/Unity Store DL/Kevin Iglesias/Characters/Humanoid Giant/Materials/Giant01/Giant01_Texture01/Giant01_Texture01 Recolor04.mat using Guid(f5f43ab3b8f921f45a13aa940c7b5549) Importer(815301076,1909f56bfc062723c751e8b465ee728b) (PreviewImporter) -> (artifact id: '065105a0b95e38b44763c50321aa1905') in 0.0190413 seconds
Number of updated asset objects reloaded before import = 0Number of asset objects unloaded after import = 5

========================================================================
Received Import Request.
  Time since last request: 0.000046 seconds.
  path: Assets/Unity Store DL/FreeDragons/Materials/DragonSoulEaterHP/GreyHP.mat
  artifactKey: Guid(37ba4f0025b9316488ee77c4a8ec9066) Importer(815301076,1909f56bfc062723c751e8b465ee728b)
Start importing Assets/Unity Store DL/FreeDragons/Materials/DragonSoulEaterHP/GreyHP.mat using Guid(37ba4f0025b9316488ee77c4a8ec9066) Importer(815301076,1909f56bfc062723c751e8b465ee728b) (PreviewImporter) -> (artifact id: 'bcffc63d3d61c9ee4c13f23bc304243b') in 0.0122625 seconds
Number of updated asset objects reloaded before import = 0Number of asset objects unloaded after import = 2

========================================================================
Received Import Request.
  Time since last request: 0.000043 seconds.
  path: Assets/Unity Store DL/Kevin Iglesias/Characters/Humanoid Giant/Materials/Giant01/Giant01_Texture02/Giant01_Texture02 Recolor01.mat
  artifactKey: Guid(cbbcaaa4905fa9d4cb8a7eba4390757c) Importer(815301076,1909f56bfc062723c751e8b465ee728b)
Start importing Assets/Unity Store DL/Kevin Iglesias/Characters/Humanoid Giant/Materials/Giant01/Giant01_Texture02/Giant01_Texture02 Recolor01.mat using Guid(cbbcaaa4905fa9d4cb8a7eba4390757c) Importer(815301076,1909f56bfc062723c751e8b465ee728b) (PreviewImporter) -> (artifact id: '0ec3bfe6866d4bbed1f58d94c7f6a43d') in 0.0200989 seconds
Number of updated asset objects reloaded before import = 0Number of asset objects unloaded after import = 5

========================================================================
Received Import Request.
  Time since last request: 0.000043 seconds.
  path: Assets/Unity Store DL/Kevin Iglesias/Characters/Humanoid Giant/Materials/Giant01/Giant01_Texture02/URP/URP - Giant01_Texture02 Recolor01.mat
  artifactKey: Guid(0c8f11853423f2042a8c510e6d11545c) Importer(815301076,1909f56bfc062723c751e8b465ee728b)
Start importing Assets/Unity Store DL/Kevin Iglesias/Characters/Humanoid Giant/Materials/Giant01/Giant01_Texture02/URP/URP - Giant01_Texture02 Recolor01.mat using Guid(0c8f11853423f2042a8c510e6d11545c) Importer(815301076,1909f56bfc062723c751e8b465ee728b) (PreviewImporter) -> (artifact id: 'f9c8c828722558e21c6e23840a54c332') in 0.0303992 seconds
Number of updated asset objects reloaded before import = 0Number of asset objects unloaded after import = 5

========================================================================
Received Import Request.
  Time since last request: 0.000034 seconds.
  path: Assets/Unity Store DL/Kevin Iglesias/Characters/Humanoid Giant/Materials/Giant01/Giant01_Texture02/Giant01_Texture02.mat
  artifactKey: Guid(4685a533f6f361945bfee289c553adac) Importer(815301076,1909f56bfc062723c751e8b465ee728b)
Start importing Assets/Unity Store DL/Kevin Iglesias/Characters/Humanoid Giant/Materials/Giant01/Giant01_Texture02/Giant01_Texture02.mat using Guid(4685a533f6f361945bfee289c553adac) Importer(815301076,1909f56bfc062723c751e8b465ee728b) (PreviewImporter) -> (artifact id: 'a9005143b94efa458d060478ab7dfc09') in 0.0200198 seconds
Number of updated asset objects reloaded before import = 0Number of asset objects unloaded after import = 5

========================================================================
Received Import Request.
  Time since last request: 0.000032 seconds.
  path: Assets/Unity Store DL/Kevin Iglesias/Characters/Humanoid Giant/Materials/Giant01/Giant01_Texture01/Giant01_Texture01 Recolor01.mat
  artifactKey: Guid(ca3fdb03e34f74345a3306fcd76d2b07) Importer(815301076,1909f56bfc062723c751e8b465ee728b)
Start importing Assets/Unity Store DL/Kevin Iglesias/Characters/Humanoid Giant/Materials/Giant01/Giant01_Texture01/Giant01_Texture01 Recolor01.mat using Guid(ca3fdb03e34f74345a3306fcd76d2b07) Importer(815301076,1909f56bfc062723c751e8b465ee728b) (PreviewImporter) -> (artifact id: '31d19029f153c0ddd96910ae0ffa8ab9') in 0.0202121 seconds
Number of updated asset objects reloaded before import = 0Number of asset objects unloaded after import = 5

========================================================================
Received Import Request.
  Time since last request: 0.000044 seconds.
  path: Assets/Unity Store DL/FreeDragons/Materials/DragonSoulEaterHP/BlueHP.mat
  artifactKey: Guid(223014bfc9b7f824c817068ce2158d99) Importer(815301076,1909f56bfc062723c751e8b465ee728b)
Start importing Assets/Unity Store DL/FreeDragons/Materials/DragonSoulEaterHP/BlueHP.mat using Guid(223014bfc9b7f824c817068ce2158d99) Importer(815301076,1909f56bfc062723c751e8b465ee728b) (PreviewImporter) -> (artifact id: 'ff1a11ce2655d6efb31f4c6fb36a1edd') in 0.0112153 seconds
Number of updated asset objects reloaded before import = 0Number of asset objects unloaded after import = 2

========================================================================
Received Import Request.
  Time since last request: 0.000032 seconds.
  path: Assets/Unity Store DL/Kevin Iglesias/Characters/Humanoid Giant/Materials/Giant01/Giant01_Texture01/Giant01_Texture01 Recolor03.mat
  artifactKey: Guid(fee76b9f27739264592fe452933ce504) Importer(815301076,1909f56bfc062723c751e8b465ee728b)
Start importing Assets/Unity Store DL/Kevin Iglesias/Characters/Humanoid Giant/Materials/Giant01/Giant01_Texture01/Giant01_Texture01 Recolor03.mat using Guid(fee76b9f27739264592fe452933ce504) Importer(815301076,1909f56bfc062723c751e8b465ee728b) (PreviewImporter) -> (artifact id: '52fdbbcc5dbef9088ab2e1fa68811f27') in 0.0192798 seconds
Number of updated asset objects reloaded before import = 0Number of asset objects unloaded after import = 5

========================================================================
Received Import Request.
  Time since last request: 0.000043 seconds.
  path: Assets/Unity Store DL/LB3D/CrabMonster/Models/Materials/Eyes.mat
  artifactKey: Guid(debb471f6867386458e8629f4c60f19f) Importer(815301076,1909f56bfc062723c751e8b465ee728b)
Start importing Assets/Unity Store DL/LB3D/CrabMonster/Models/Materials/Eyes.mat using Guid(debb471f6867386458e8629f4c60f19f) Importer(815301076,1909f56bfc062723c751e8b465ee728b) (PreviewImporter) -> (artifact id: 'e3549822973ec76b26857874206d991b') in 0.0073322 seconds
Number of updated asset objects reloaded before import = 0Number of asset objects unloaded after import = 1

========================================================================
Received Import Request.
  Time since last request: 0.000028 seconds.
  path: Assets/Unity Store DL/Kevin Iglesias/Characters/Humanoid Giant/Materials/Giant01/Giant01_Texture02/Giant01_Texture02 Recolor04.mat
  artifactKey: Guid(5dd30f7250d12b3489bb44e354b95cd9) Importer(815301076,1909f56bfc062723c751e8b465ee728b)
Start importing Assets/Unity Store DL/Kevin Iglesias/Characters/Humanoid Giant/Materials/Giant01/Giant01_Texture02/Giant01_Texture02 Recolor04.mat using Guid(5dd30f7250d12b3489bb44e354b95cd9) Importer(815301076,1909f56bfc062723c751e8b465ee728b) (PreviewImporter) -> (artifact id: 'e569f6a0940d9121137e64494b771b21') in 0.0192403 seconds
Number of updated asset objects reloaded before import = 0Number of asset objects unloaded after import = 5

========================================================================
Received Import Request.
  Time since last request: 0.000039 seconds.
  path: Assets/Unity Store DL/Kevin Iglesias/Characters/Humanoid Giant/Materials/Giant01/Giant01_Texture02/Giant01_Texture02 Recolor03.mat
  artifactKey: Guid(93b3a3ff87c67ae4ead2e9f9ef244426) Importer(815301076,1909f56bfc062723c751e8b465ee728b)
Start importing Assets/Unity Store DL/Kevin Iglesias/Characters/Humanoid Giant/Materials/Giant01/Giant01_Texture02/Giant01_Texture02 Recolor03.mat using Guid(93b3a3ff87c67ae4ead2e9f9ef244426) Importer(815301076,1909f56bfc062723c751e8b465ee728b) (PreviewImporter) -> (artifact id: 'b30f7440fd1f198e8e5f7d455dd80e01') in 0.0179502 seconds
Number of updated asset objects reloaded before import = 0Number of asset objects unloaded after import = 5

========================================================================
Received Import Request.
  Time since last request: 0.000044 seconds.
  path: Assets/Unity Store DL/Kevin Iglesias/Characters/Humanoid Giant/Materials/Giant01_Flat/URP/URP - Giant01_Texture04_Flat.mat
  artifactKey: Guid(fdc850b0e6e352849bd7542cffd76134) Importer(815301076,1909f56bfc062723c751e8b465ee728b)
Start importing Assets/Unity Store DL/Kevin Iglesias/Characters/Humanoid Giant/Materials/Giant01_Flat/URP/URP - Giant01_Texture04_Flat.mat using Guid(fdc850b0e6e352849bd7542cffd76134) Importer(815301076,1909f56bfc062723c751e8b465ee728b) (PreviewImporter) -> (artifact id: '524ce589636ba9ce53fab94d6f21cd1c') in 0.0192676 seconds
Number of updated asset objects reloaded before import = 0Number of asset objects unloaded after import = 2

========================================================================
Received Import Request.
  Time since last request: 0.000068 seconds.
  path: Assets/Unity Store DL/Kevin Iglesias/Characters/Humanoid Giant/Materials/Giant01/Giant01_Texture02/URP/URP - Giant01_Texture02.mat
  artifactKey: Guid(db093346282b50d41b353a364c5ce936) Importer(815301076,1909f56bfc062723c751e8b465ee728b)
Start importing Assets/Unity Store DL/Kevin Iglesias/Characters/Humanoid Giant/Materials/Giant01/Giant01_Texture02/URP/URP - Giant01_Texture02.mat using Guid(db093346282b50d41b353a364c5ce936) Importer(815301076,1909f56bfc062723c751e8b465ee728b) (PreviewImporter) -> (artifact id: '2c39f870043b3ac4a3f139216c7843ce') in 0.0324415 seconds
Number of updated asset objects reloaded before import = 0Number of asset objects unloaded after import = 5

========================================================================
Received Import Request.
  Time since last request: 0.000061 seconds.
  path: Assets/Unity Store DL/Kevin Iglesias/Characters/Humanoid Giant/Materials/Giant01/Giant01_Texture02/URP/URP - Giant01_Texture02 Recolor04.mat
  artifactKey: Guid(53b7a75fa6d29234abbe14ff3f84c5ee) Importer(815301076,1909f56bfc062723c751e8b465ee728b)
Start importing Assets/Unity Store DL/Kevin Iglesias/Characters/Humanoid Giant/Materials/Giant01/Giant01_Texture02/URP/URP - Giant01_Texture02 Recolor04.mat using Guid(53b7a75fa6d29234abbe14ff3f84c5ee) Importer(815301076,1909f56bfc062723c751e8b465ee728b) (PreviewImporter) -> (artifact id: '296826353bcc3c31281ee6af664f1cdd') in 0.029184 seconds
Number of updated asset objects reloaded before import = 0Number of asset objects unloaded after import = 5

========================================================================
Received Import Request.
  Time since last request: 0.000042 seconds.
  path: Assets/Materials/Green.mat
  artifactKey: Guid(478b25651a9dd164480ec3628491243a) Importer(815301076,1909f56bfc062723c751e8b465ee728b)
Start importing Assets/Materials/Green.mat using Guid(478b25651a9dd164480ec3628491243a) Importer(815301076,1909f56bfc062723c751e8b465ee728b) (PreviewImporter) -> (artifact id: 'c36c97ecbdf7a0a67b7a67b657e7334a') in 0.0188903 seconds
Number of updated asset objects reloaded before import = 0Number of asset objects unloaded after import = 1

========================================================================
Received Import Request.
  Time since last request: 0.000037 seconds.
  path: Assets/RythmylAsset/RithmylImage_0/Materials/Image_0.mat
  artifactKey: Guid(737bf2fc08509d247a44271e735ffdf2) Importer(815301076,1909f56bfc062723c751e8b465ee728b)
Start importing Assets/RythmylAsset/RithmylImage_0/Materials/Image_0.mat using Guid(737bf2fc08509d247a44271e735ffdf2) Importer(815301076,1909f56bfc062723c751e8b465ee728b) (PreviewImporter) -> (artifact id: '370d05441a00b37bc20ec62e3e08d918') in 0.0211578 seconds
Number of updated asset objects reloaded before import = 0Number of asset objects unloaded after import = 2

========================================================================
Received Import Request.
  Time since last request: 0.000039 seconds.
  path: Assets/Unity Store DL/LB3D/CrabMonster/Materials/Rikayon-eyes.mat
  artifactKey: Guid(a12a156d452b6584caf9c62caa8fcbb3) Importer(815301076,1909f56bfc062723c751e8b465ee728b)
Start importing Assets/Unity Store DL/LB3D/CrabMonster/Materials/Rikayon-eyes.mat using Guid(a12a156d452b6584caf9c62caa8fcbb3) Importer(815301076,1909f56bfc062723c751e8b465ee728b) (PreviewImporter) -> (artifact id: '33cc0d23aea880a2d9dce09125c4c9d4') in 1.9645143 seconds
Number of updated asset objects reloaded before import = 0Number of asset objects unloaded after import = 4

